[0.010s] Invoking command in '/home/kunal-jazzy/ros2_arm/build/arm_description': CMAKE_PREFIX_PATH=${CMAKE_PREFIX_PATH}:/home/kunal-jazzy/ROS2-Camera-Visualization/install/four_control:/opt/ros/jazzy DEBUGINFOD_URLS=https://debuginfod.ubuntu.com /usr/bin/cmake --build /home/kunal-jazzy/ros2_arm/build/arm_description -- -j12 -l12
[0.031s] -- Found ament_cmake: 2.5.5 (/opt/ros/jazzy/share/ament_cmake/cmake)
[0.200s] -- Found urdf_tutorial: 1.1.0 (/opt/ros/jazzy/share/urdf_tutorial/cmake)
[0.200s] -- Found ament_lint_auto: 0.17.4 (/opt/ros/jazzy/share/ament_lint_auto/cmake)
[0.272s] -- Added test 'flake8' to check Python code syntax and style conventions
[0.273s] -- Configured 'flake8' exclude dirs and/or files: 
[0.273s] -- Added test 'lint_cmake' to check CMake code style
[0.273s] -- Added test 'pep257' to check Python code against some of the docstring style conventions in PEP 257
[0.276s] -- Added test 'xmllint' to check XML markup files
[0.276s] -- Configuring done (0.2s)
[0.281s] -- Generating done (0.0s)
[0.282s] -- Build files have been written to: /home/kunal-jazzy/ros2_arm/build/arm_description
[0.299s] Invoked command in '/home/kunal-jazzy/ros2_arm/build/arm_description' returned '0': CMAKE_PREFIX_PATH=${CMAKE_PREFIX_PATH}:/home/kunal-jazzy/ROS2-Camera-Visualization/install/four_control:/opt/ros/jazzy DEBUGINFOD_URLS=https://debuginfod.ubuntu.com /usr/bin/cmake --build /home/kunal-jazzy/ros2_arm/build/arm_description -- -j12 -l12
[0.307s] Invoking command in '/home/kunal-jazzy/ros2_arm/build/arm_description': CMAKE_PREFIX_PATH=${CMAKE_PREFIX_PATH}:/home/kunal-jazzy/ROS2-Camera-Visualization/install/four_control:/opt/ros/jazzy DEBUGINFOD_URLS=https://debuginfod.ubuntu.com /usr/bin/cmake --install /home/kunal-jazzy/ros2_arm/build/arm_description
[0.316s] -- Install configuration: ""
[0.316s] -- Up-to-date: /home/kunal-jazzy/ros2_arm/install/arm_description/share/arm_description/launch
[0.316s] -- Installing: /home/kunal-jazzy/ros2_arm/install/arm_description/share/arm_description/launch/robot_state_publisher.launch.py
[0.316s] -- Up-to-date: /home/kunal-jazzy/ros2_arm/install/arm_description/share/arm_description/meshes
[0.316s] -- Up-to-date: /home/kunal-jazzy/ros2_arm/install/arm_description/share/arm_description/meshes/mycobot_280
[0.316s] -- Up-to-date: /home/kunal-jazzy/ros2_arm/install/arm_description/share/arm_description/meshes/mycobot_280/visual
[0.316s] -- Up-to-date: /home/kunal-jazzy/ros2_arm/install/arm_description/share/arm_description/meshes/mycobot_280/visual/link1.dae
[0.316s] -- Up-to-date: /home/kunal-jazzy/ros2_arm/install/arm_description/share/arm_description/meshes/mycobot_280/visual/link2.dae
[0.316s] -- Up-to-date: /home/kunal-jazzy/ros2_arm/install/arm_description/share/arm_description/meshes/mycobot_280/visual/link4.png
[0.317s] -- Up-to-date: /home/kunal-jazzy/ros2_arm/install/arm_description/share/arm_description/meshes/mycobot_280/visual/link5.dae
[0.317s] -- Up-to-date: /home/kunal-jazzy/ros2_arm/install/arm_description/share/arm_description/meshes/mycobot_280/visual/link5.png
[0.317s] -- Up-to-date: /home/kunal-jazzy/ros2_arm/install/arm_description/share/arm_description/meshes/mycobot_280/visual/link2.png
[0.317s] -- Up-to-date: /home/kunal-jazzy/ros2_arm/install/arm_description/share/arm_description/meshes/mycobot_280/visual/link6.png
[0.317s] -- Up-to-date: /home/kunal-jazzy/ros2_arm/install/arm_description/share/arm_description/meshes/mycobot_280/visual/suit_env.dae
[0.317s] -- Up-to-date: /home/kunal-jazzy/ros2_arm/install/arm_description/share/arm_description/meshes/mycobot_280/visual/link4.dae
[0.317s] -- Up-to-date: /home/kunal-jazzy/ros2_arm/install/arm_description/share/arm_description/meshes/mycobot_280/visual/link6.dae
[0.317s] -- Up-to-date: /home/kunal-jazzy/ros2_arm/install/arm_description/share/arm_description/meshes/mycobot_280/visual/link7.dae
[0.317s] -- Up-to-date: /home/kunal-jazzy/ros2_arm/install/arm_description/share/arm_description/meshes/mycobot_280/visual/link3.dae
[0.317s] -- Up-to-date: /home/kunal-jazzy/ros2_arm/install/arm_description/share/arm_description/meshes/mycobot_280/visual/link1.png
[0.317s] -- Up-to-date: /home/kunal-jazzy/ros2_arm/install/arm_description/share/arm_description/meshes/mycobot_280/visual/link3.png
[0.317s] -- Up-to-date: /home/kunal-jazzy/ros2_arm/install/arm_description/share/arm_description/meshes/mycobot_280/visual/link7.png
[0.317s] -- Up-to-date: /home/kunal-jazzy/ros2_arm/install/arm_description/share/arm_description/meshes/arm
[0.317s] -- Up-to-date: /home/kunal-jazzy/ros2_arm/install/arm_description/share/arm_description/meshes/arm/visual
[0.317s] -- Up-to-date: /home/kunal-jazzy/ros2_arm/install/arm_description/share/arm_description/meshes/d435
[0.317s] -- Up-to-date: /home/kunal-jazzy/ros2_arm/install/arm_description/share/arm_description/meshes/d435/visual
[0.318s] -- Up-to-date: /home/kunal-jazzy/ros2_arm/install/arm_description/share/arm_description/meshes/d435/visual/d435.stl
[0.318s] -- Up-to-date: /home/kunal-jazzy/ros2_arm/install/arm_description/share/arm_description/meshes/adaptive_gripper
[0.318s] -- Up-to-date: /home/kunal-jazzy/ros2_arm/install/arm_description/share/arm_description/meshes/adaptive_gripper/visual
[0.318s] -- Up-to-date: /home/kunal-jazzy/ros2_arm/install/arm_description/share/arm_description/meshes/adaptive_gripper/visual/gripper_base.dae
[0.318s] -- Up-to-date: /home/kunal-jazzy/ros2_arm/install/arm_description/share/arm_description/meshes/adaptive_gripper/visual/gripper_left1.dae
[0.318s] -- Up-to-date: /home/kunal-jazzy/ros2_arm/install/arm_description/share/arm_description/meshes/adaptive_gripper/visual/gripper_left2.dae
[0.319s] -- Up-to-date: /home/kunal-jazzy/ros2_arm/install/arm_description/share/arm_description/meshes/adaptive_gripper/visual/gripper_left3.dae
[0.319s] -- Up-to-date: /home/kunal-jazzy/ros2_arm/install/arm_description/share/arm_description/meshes/adaptive_gripper/visual/gripper_right3.dae
[0.319s] -- Up-to-date: /home/kunal-jazzy/ros2_arm/install/arm_description/share/arm_description/meshes/adaptive_gripper/visual/gripper_right2.dae
[0.319s] -- Up-to-date: /home/kunal-jazzy/ros2_arm/install/arm_description/share/arm_description/meshes/adaptive_gripper/visual/gripper_right1.dae
[0.319s] -- Up-to-date: /home/kunal-jazzy/ros2_arm/install/arm_description/share/arm_description/meshes/g_shape_base_v2_0
[0.319s] -- Up-to-date: /home/kunal-jazzy/ros2_arm/install/arm_description/share/arm_description/meshes/g_shape_base_v2_0/visual
[0.319s] -- Up-to-date: /home/kunal-jazzy/ros2_arm/install/arm_description/share/arm_description/meshes/g_shape_base_v2_0/visual/base_link.dae
[0.319s] -- Up-to-date: /home/kunal-jazzy/ros2_arm/install/arm_description/share/arm_description/urdf
[0.319s] -- Up-to-date: /home/kunal-jazzy/ros2_arm/install/arm_description/share/arm_description/urdf/control
[0.319s] -- Up-to-date: /home/kunal-jazzy/ros2_arm/install/arm_description/share/arm_description/urdf/robots
[0.319s] -- Up-to-date: /home/kunal-jazzy/ros2_arm/install/arm_description/share/arm_description/urdf/robots/my_arm.urdf.xacro
[0.319s] -- Up-to-date: /home/kunal-jazzy/ros2_arm/install/arm_description/share/arm_description/urdf/sensors
[0.319s] -- Up-to-date: /home/kunal-jazzy/ros2_arm/install/arm_description/share/arm_description/urdf/mech
[0.319s] -- Up-to-date: /home/kunal-jazzy/ros2_arm/install/arm_description/share/arm_description/urdf/mech/arm.urdf.xacro
[0.319s] -- Up-to-date: /home/kunal-jazzy/ros2_arm/install/arm_description/share/arm_description/urdf/mech/gripper.urdf.xacro
[0.319s] -- Up-to-date: /home/kunal-jazzy/ros2_arm/install/arm_description/share/arm_description/urdf/mech/base.urdf.xacro
[0.320s] -- Up-to-date: /home/kunal-jazzy/ros2_arm/install/arm_description/share/arm_description/rviz
[0.320s] -- Installing: /home/kunal-jazzy/ros2_arm/install/arm_description/share/arm_description/rviz/arm_description.rviz
[0.320s] -- Installing: /home/kunal-jazzy/ros2_arm/install/arm_description/share/arm_description/config
[0.320s] -- Up-to-date: /home/kunal-jazzy/ros2_arm/install/arm_description/share/ament_index/resource_index/package_run_dependencies/arm_description
[0.320s] -- Installing: /home/kunal-jazzy/ros2_arm/install/arm_description/share/ament_index/resource_index/parent_prefix_path/arm_description
[0.320s] -- Up-to-date: /home/kunal-jazzy/ros2_arm/install/arm_description/share/arm_description/environment/ament_prefix_path.sh
[0.320s] -- Up-to-date: /home/kunal-jazzy/ros2_arm/install/arm_description/share/arm_description/environment/ament_prefix_path.dsv
[0.320s] -- Up-to-date: /home/kunal-jazzy/ros2_arm/install/arm_description/share/arm_description/environment/path.sh
[0.320s] -- Up-to-date: /home/kunal-jazzy/ros2_arm/install/arm_description/share/arm_description/environment/path.dsv
[0.320s] -- Up-to-date: /home/kunal-jazzy/ros2_arm/install/arm_description/share/arm_description/local_setup.bash
[0.320s] -- Up-to-date: /home/kunal-jazzy/ros2_arm/install/arm_description/share/arm_description/local_setup.sh
[0.320s] -- Up-to-date: /home/kunal-jazzy/ros2_arm/install/arm_description/share/arm_description/local_setup.zsh
[0.320s] -- Up-to-date: /home/kunal-jazzy/ros2_arm/install/arm_description/share/arm_description/local_setup.dsv
[0.320s] -- Installing: /home/kunal-jazzy/ros2_arm/install/arm_description/share/arm_description/package.dsv
[0.320s] -- Up-to-date: /home/kunal-jazzy/ros2_arm/install/arm_description/share/ament_index/resource_index/packages/arm_description
[0.320s] -- Up-to-date: /home/kunal-jazzy/ros2_arm/install/arm_description/share/arm_description/cmake/arm_descriptionConfig.cmake
[0.320s] -- Up-to-date: /home/kunal-jazzy/ros2_arm/install/arm_description/share/arm_description/cmake/arm_descriptionConfig-version.cmake
[0.320s] -- Up-to-date: /home/kunal-jazzy/ros2_arm/install/arm_description/share/arm_description/package.xml
[0.321s] Invoked command in '/home/kunal-jazzy/ros2_arm/build/arm_description' returned '0': CMAKE_PREFIX_PATH=${CMAKE_PREFIX_PATH}:/home/kunal-jazzy/ROS2-Camera-Visualization/install/four_control:/opt/ros/jazzy DEBUGINFOD_URLS=https://debuginfod.ubuntu.com /usr/bin/cmake --install /home/kunal-jazzy/ros2_arm/build/arm_description
