[0.007s] Invoking command in '/home/kunal-jazzy/ros2_arm/build/arm_description': CMAKE_PREFIX_PATH=${CMAKE_PREFIX_PATH}:/home/kunal-jazzy/ROS2-Camera-Visualization/install/four_control:/opt/ros/jazzy DEBUGINFOD_URLS=https://debuginfod.ubuntu.com /usr/bin/cmake /home/kunal-jazzy/ros2_arm/src/arm_description -DCMAKE_INSTALL_PREFIX=/home/kunal-jazzy/ros2_arm/install/arm_description
[0.060s] -- The C compiler identification is GNU 13.3.0
[0.124s] -- The CXX compiler identification is GNU 13.3.0
[0.142s] -- Detecting C compiler ABI info
[0.254s] -- Detecting C compiler ABI info - done
[0.261s] -- Check for working C compiler: /usr/bin/cc - skipped
[0.261s] -- Detecting C compile features
[0.261s] -- Detecting C compile features - done
[0.268s] -- Detecting CXX compiler ABI info
[0.377s] -- Detecting CXX compiler ABI info - done
[0.385s] -- Check for working CXX compiler: /usr/bin/c++ - skipped
[0.385s] -- Detecting CXX compile features
[0.385s] -- Detecting CXX compile features - done
[0.388s] -- Found ament_cmake: 2.5.5 (/opt/ros/jazzy/share/ament_cmake/cmake)
[0.505s] -- Found Python3: /usr/bin/python3 (found version "3.12.3") found components: Interpreter 
[0.601s] -- Found ament_lint_auto: 0.17.4 (/opt/ros/jazzy/share/ament_lint_auto/cmake)
[0.685s] -- Added test 'lint_cmake' to check CMake code style
[0.686s] -- Added test 'xmllint' to check XML markup files
[0.687s] -- Configuring done (0.7s)
[0.689s] -- Generating done (0.0s)
[0.690s] -- Build files have been written to: /home/kunal-jazzy/ros2_arm/build/arm_description
[0.694s] Invoked command in '/home/kunal-jazzy/ros2_arm/build/arm_description' returned '0': CMAKE_PREFIX_PATH=${CMAKE_PREFIX_PATH}:/home/kunal-jazzy/ROS2-Camera-Visualization/install/four_control:/opt/ros/jazzy DEBUGINFOD_URLS=https://debuginfod.ubuntu.com /usr/bin/cmake /home/kunal-jazzy/ros2_arm/src/arm_description -DCMAKE_INSTALL_PREFIX=/home/kunal-jazzy/ros2_arm/install/arm_description
[0.695s] Invoking command in '/home/kunal-jazzy/ros2_arm/build/arm_description': CMAKE_PREFIX_PATH=${CMAKE_PREFIX_PATH}:/home/kunal-jazzy/ROS2-Camera-Visualization/install/four_control:/opt/ros/jazzy DEBUGINFOD_URLS=https://debuginfod.ubuntu.com /usr/bin/cmake --build /home/kunal-jazzy/ros2_arm/build/arm_description -- -j12 -l12
[0.734s] Invoked command in '/home/kunal-jazzy/ros2_arm/build/arm_description' returned '0': CMAKE_PREFIX_PATH=${CMAKE_PREFIX_PATH}:/home/kunal-jazzy/ROS2-Camera-Visualization/install/four_control:/opt/ros/jazzy DEBUGINFOD_URLS=https://debuginfod.ubuntu.com /usr/bin/cmake --build /home/kunal-jazzy/ros2_arm/build/arm_description -- -j12 -l12
[0.746s] Invoking command in '/home/kunal-jazzy/ros2_arm/build/arm_description': CMAKE_PREFIX_PATH=${CMAKE_PREFIX_PATH}:/home/kunal-jazzy/ROS2-Camera-Visualization/install/four_control:/opt/ros/jazzy DEBUGINFOD_URLS=https://debuginfod.ubuntu.com /usr/bin/cmake --install /home/kunal-jazzy/ros2_arm/build/arm_description
[0.755s] -- Install configuration: ""
[0.755s] -- Installing: /home/kunal-jazzy/ros2_arm/install/arm_description/share/ament_index/resource_index/package_run_dependencies/arm_description
[0.755s] -- Installing: /home/kunal-jazzy/ros2_arm/install/arm_description/share/ament_index/resource_index/parent_prefix_path/arm_description
[0.755s] -- Installing: /home/kunal-jazzy/ros2_arm/install/arm_description/share/arm_description/environment/ament_prefix_path.sh
[0.755s] -- Installing: /home/kunal-jazzy/ros2_arm/install/arm_description/share/arm_description/environment/ament_prefix_path.dsv
[0.755s] -- Installing: /home/kunal-jazzy/ros2_arm/install/arm_description/share/arm_description/environment/path.sh
[0.755s] -- Installing: /home/kunal-jazzy/ros2_arm/install/arm_description/share/arm_description/environment/path.dsv
[0.756s] -- Installing: /home/kunal-jazzy/ros2_arm/install/arm_description/share/arm_description/local_setup.bash
[0.756s] -- Installing: /home/kunal-jazzy/ros2_arm/install/arm_description/share/arm_description/local_setup.sh
[0.756s] -- Installing: /home/kunal-jazzy/ros2_arm/install/arm_description/share/arm_description/local_setup.zsh
[0.756s] -- Installing: /home/kunal-jazzy/ros2_arm/install/arm_description/share/arm_description/local_setup.dsv
[0.756s] -- Installing: /home/kunal-jazzy/ros2_arm/install/arm_description/share/arm_description/package.dsv
[0.756s] -- Installing: /home/kunal-jazzy/ros2_arm/install/arm_description/share/ament_index/resource_index/packages/arm_description
[0.756s] -- Installing: /home/kunal-jazzy/ros2_arm/install/arm_description/share/arm_description/cmake/arm_descriptionConfig.cmake
[0.756s] -- Installing: /home/kunal-jazzy/ros2_arm/install/arm_description/share/arm_description/cmake/arm_descriptionConfig-version.cmake
[0.756s] -- Installing: /home/kunal-jazzy/ros2_arm/install/arm_description/share/arm_description/package.xml
[0.757s] Invoked command in '/home/kunal-jazzy/ros2_arm/build/arm_description' returned '0': CMAKE_PREFIX_PATH=${CMAKE_PREFIX_PATH}:/home/kunal-jazzy/ROS2-Camera-Visualization/install/four_control:/opt/ros/jazzy DEBUGINFOD_URLS=https://debuginfod.ubuntu.com /usr/bin/cmake --install /home/kunal-jazzy/ros2_arm/build/arm_description
