[0.008s] Invoking command in '/home/kunal-jazzy/ros2_arm/build/arm_description': CMAKE_PREFIX_PATH=${CMAKE_PREFIX_PATH}:/home/kunal-jazzy/ROS2-Camera-Visualization/install/four_control:/opt/ros/jazzy DEBUGINFOD_URLS=https://debuginfod.ubuntu.com /usr/bin/cmake --build /home/kunal-jazzy/ros2_arm/build/arm_description -- -j12 -l12
[0.040s] Invoked command in '/home/kunal-jazzy/ros2_arm/build/arm_description' returned '0': CMAKE_PREFIX_PATH=${CMAKE_PREFIX_PATH}:/home/kunal-jazzy/ROS2-Camera-Visualization/install/four_control:/opt/ros/jazzy DEBUGINFOD_URLS=https://debuginfod.ubuntu.com /usr/bin/cmake --build /home/kunal-jazzy/ros2_arm/build/arm_description -- -j12 -l12
[0.049s] Invoking command in '/home/kunal-jazzy/ros2_arm/build/arm_description': CMAKE_PREFIX_PATH=${CMAKE_PREFIX_PATH}:/home/kunal-jazzy/ROS2-Camera-Visualization/install/four_control:/opt/ros/jazzy DEBUGINFOD_URLS=https://debuginfod.ubuntu.com /usr/bin/cmake --install /home/kunal-jazzy/ros2_arm/build/arm_description
[0.055s] -- Install configuration: ""
[0.055s] -- Up-to-date: /home/kunal-jazzy/ros2_arm/install/arm_description/share/arm_description/launch
[0.055s] -- Up-to-date: /home/kunal-jazzy/ros2_arm/install/arm_description/share/arm_description/meshes
[0.055s] -- Up-to-date: /home/kunal-jazzy/ros2_arm/install/arm_description/share/arm_description/meshes/mycobot_280
[0.055s] -- Up-to-date: /home/kunal-jazzy/ros2_arm/install/arm_description/share/arm_description/meshes/mycobot_280/visual
[0.055s] -- Up-to-date: /home/kunal-jazzy/ros2_arm/install/arm_description/share/arm_description/meshes/mycobot_280/visual/link1.dae
[0.055s] -- Up-to-date: /home/kunal-jazzy/ros2_arm/install/arm_description/share/arm_description/meshes/mycobot_280/visual/link2.dae
[0.055s] -- Up-to-date: /home/kunal-jazzy/ros2_arm/install/arm_description/share/arm_description/meshes/mycobot_280/visual/link4.png
[0.055s] -- Up-to-date: /home/kunal-jazzy/ros2_arm/install/arm_description/share/arm_description/meshes/mycobot_280/visual/link5.dae
[0.055s] -- Up-to-date: /home/kunal-jazzy/ros2_arm/install/arm_description/share/arm_description/meshes/mycobot_280/visual/link5.png
[0.055s] -- Up-to-date: /home/kunal-jazzy/ros2_arm/install/arm_description/share/arm_description/meshes/mycobot_280/visual/link2.png
[0.055s] -- Up-to-date: /home/kunal-jazzy/ros2_arm/install/arm_description/share/arm_description/meshes/mycobot_280/visual/link6.png
[0.056s] -- Up-to-date: /home/kunal-jazzy/ros2_arm/install/arm_description/share/arm_description/meshes/mycobot_280/visual/suit_env.dae
[0.056s] -- Up-to-date: /home/kunal-jazzy/ros2_arm/install/arm_description/share/arm_description/meshes/mycobot_280/visual/link4.dae
[0.056s] -- Up-to-date: /home/kunal-jazzy/ros2_arm/install/arm_description/share/arm_description/meshes/mycobot_280/visual/link6.dae
[0.056s] -- Up-to-date: /home/kunal-jazzy/ros2_arm/install/arm_description/share/arm_description/meshes/mycobot_280/visual/link7.dae
[0.056s] -- Up-to-date: /home/kunal-jazzy/ros2_arm/install/arm_description/share/arm_description/meshes/mycobot_280/visual/link3.dae
[0.056s] -- Up-to-date: /home/kunal-jazzy/ros2_arm/install/arm_description/share/arm_description/meshes/mycobot_280/visual/link1.png
[0.056s] -- Up-to-date: /home/kunal-jazzy/ros2_arm/install/arm_description/share/arm_description/meshes/mycobot_280/visual/link3.png
[0.056s] -- Up-to-date: /home/kunal-jazzy/ros2_arm/install/arm_description/share/arm_description/meshes/mycobot_280/visual/link7.png
[0.056s] -- Up-to-date: /home/kunal-jazzy/ros2_arm/install/arm_description/share/arm_description/meshes/arm
[0.056s] -- Up-to-date: /home/kunal-jazzy/ros2_arm/install/arm_description/share/arm_description/meshes/arm/visual
[0.056s] -- Up-to-date: /home/kunal-jazzy/ros2_arm/install/arm_description/share/arm_description/meshes/d435
[0.056s] -- Up-to-date: /home/kunal-jazzy/ros2_arm/install/arm_description/share/arm_description/meshes/d435/visual
[0.056s] -- Up-to-date: /home/kunal-jazzy/ros2_arm/install/arm_description/share/arm_description/meshes/d435/visual/d435.stl
[0.056s] -- Up-to-date: /home/kunal-jazzy/ros2_arm/install/arm_description/share/arm_description/meshes/adaptive_gripper
[0.056s] -- Up-to-date: /home/kunal-jazzy/ros2_arm/install/arm_description/share/arm_description/meshes/adaptive_gripper/visual
[0.056s] -- Up-to-date: /home/kunal-jazzy/ros2_arm/install/arm_description/share/arm_description/meshes/adaptive_gripper/visual/gripper_base.dae
[0.056s] -- Up-to-date: /home/kunal-jazzy/ros2_arm/install/arm_description/share/arm_description/meshes/adaptive_gripper/visual/gripper_left1.dae
[0.056s] -- Up-to-date: /home/kunal-jazzy/ros2_arm/install/arm_description/share/arm_description/meshes/adaptive_gripper/visual/gripper_left2.dae
[0.056s] -- Up-to-date: /home/kunal-jazzy/ros2_arm/install/arm_description/share/arm_description/meshes/adaptive_gripper/visual/gripper_left3.dae
[0.056s] -- Up-to-date: /home/kunal-jazzy/ros2_arm/install/arm_description/share/arm_description/meshes/adaptive_gripper/visual/gripper_right3.dae
[0.056s] -- Up-to-date: /home/kunal-jazzy/ros2_arm/install/arm_description/share/arm_description/meshes/adaptive_gripper/visual/gripper_right2.dae
[0.056s] -- Up-to-date: /home/kunal-jazzy/ros2_arm/install/arm_description/share/arm_description/meshes/adaptive_gripper/visual/gripper_right1.dae
[0.056s] -- Up-to-date: /home/kunal-jazzy/ros2_arm/install/arm_description/share/arm_description/meshes/g_shape_base_v2_0
[0.056s] -- Up-to-date: /home/kunal-jazzy/ros2_arm/install/arm_description/share/arm_description/meshes/g_shape_base_v2_0/visual
[0.057s] -- Up-to-date: /home/kunal-jazzy/ros2_arm/install/arm_description/share/arm_description/meshes/g_shape_base_v2_0/visual/base_link.dae
[0.057s] -- Up-to-date: /home/kunal-jazzy/ros2_arm/install/arm_description/share/arm_description/urdf
[0.057s] -- Up-to-date: /home/kunal-jazzy/ros2_arm/install/arm_description/share/arm_description/urdf/control
[0.057s] -- Up-to-date: /home/kunal-jazzy/ros2_arm/install/arm_description/share/arm_description/urdf/robots
[0.057s] -- Installing: /home/kunal-jazzy/ros2_arm/install/arm_description/share/arm_description/urdf/robots/my_arm.urdf.xacro
[0.057s] -- Up-to-date: /home/kunal-jazzy/ros2_arm/install/arm_description/share/arm_description/urdf/sensors
[0.057s] -- Up-to-date: /home/kunal-jazzy/ros2_arm/install/arm_description/share/arm_description/urdf/mech
[0.057s] -- Installing: /home/kunal-jazzy/ros2_arm/install/arm_description/share/arm_description/urdf/mech/arm.urdf.xacro
[0.057s] -- Installing: /home/kunal-jazzy/ros2_arm/install/arm_description/share/arm_description/urdf/mech/gripper.urdf.xacro
[0.057s] -- Installing: /home/kunal-jazzy/ros2_arm/install/arm_description/share/arm_description/urdf/mech/base.urdf.xacro
[0.057s] -- Up-to-date: /home/kunal-jazzy/ros2_arm/install/arm_description/share/arm_description/rviz
[0.057s] -- Up-to-date: /home/kunal-jazzy/ros2_arm/install/arm_description/share/ament_index/resource_index/package_run_dependencies/arm_description
[0.057s] -- Up-to-date: /home/kunal-jazzy/ros2_arm/install/arm_description/share/ament_index/resource_index/parent_prefix_path/arm_description
[0.057s] -- Up-to-date: /home/kunal-jazzy/ros2_arm/install/arm_description/share/arm_description/environment/ament_prefix_path.sh
[0.057s] -- Up-to-date: /home/kunal-jazzy/ros2_arm/install/arm_description/share/arm_description/environment/ament_prefix_path.dsv
[0.057s] -- Up-to-date: /home/kunal-jazzy/ros2_arm/install/arm_description/share/arm_description/environment/path.sh
[0.057s] -- Up-to-date: /home/kunal-jazzy/ros2_arm/install/arm_description/share/arm_description/environment/path.dsv
[0.057s] -- Up-to-date: /home/kunal-jazzy/ros2_arm/install/arm_description/share/arm_description/local_setup.bash
[0.057s] -- Up-to-date: /home/kunal-jazzy/ros2_arm/install/arm_description/share/arm_description/local_setup.sh
[0.057s] -- Up-to-date: /home/kunal-jazzy/ros2_arm/install/arm_description/share/arm_description/local_setup.zsh
[0.057s] -- Up-to-date: /home/kunal-jazzy/ros2_arm/install/arm_description/share/arm_description/local_setup.dsv
[0.057s] -- Installing: /home/kunal-jazzy/ros2_arm/install/arm_description/share/arm_description/package.dsv
[0.057s] -- Up-to-date: /home/kunal-jazzy/ros2_arm/install/arm_description/share/ament_index/resource_index/packages/arm_description
[0.057s] -- Up-to-date: /home/kunal-jazzy/ros2_arm/install/arm_description/share/arm_description/cmake/arm_descriptionConfig.cmake
[0.057s] -- Up-to-date: /home/kunal-jazzy/ros2_arm/install/arm_description/share/arm_description/cmake/arm_descriptionConfig-version.cmake
[0.058s] -- Up-to-date: /home/kunal-jazzy/ros2_arm/install/arm_description/share/arm_description/package.xml
[0.058s] Invoked command in '/home/kunal-jazzy/ros2_arm/build/arm_description' returned '0': CMAKE_PREFIX_PATH=${CMAKE_PREFIX_PATH}:/home/kunal-jazzy/ROS2-Camera-Visualization/install/four_control:/opt/ros/jazzy DEBUGINFOD_URLS=https://debuginfod.ubuntu.com /usr/bin/cmake --install /home/kunal-jazzy/ros2_arm/build/arm_description
