[0.006s] Invoking command in '/home/kunal-jazzy/ros2_arm/build/ros2_arm': AMENT_PREFIX_PATH=/home/kunal-jazzy/ros2_arm/install/arm_description:${AMENT_PREFIX_PATH} CMAKE_PREFIX_PATH=/home/kunal-jazzy/ros2_arm/install/arm_description:/home/kunal-jazzy/ros2_arm/src/ros2_arm/install/ros2_arm:/home/kunal-jazzy/ROS2-Camera-Visualization/install/four_worlds:/home/kunal-jazzy/ROS2-Camera-Visualization/install/four_control_bringup:/home/kunal-jazzy/ROS2-Camera-Visualization/install/four_wheel_description:/opt/ros/jazzy/opt/gz_sim_vendor:/opt/ros/jazzy/opt/gz_sensors_vendor:/opt/ros/jazzy/opt/gz_physics_vendor:/opt/ros/jazzy/opt/sdformat_vendor:/opt/ros/jazzy/opt/gz_gui_vendor:/opt/ros/jazzy/opt/gz_transport_vendor:/opt/ros/jazzy/opt/gz_rendering_vendor:/opt/ros/jazzy/opt/gz_plugin_vendor:/opt/ros/jazzy/opt/gz_fuel_tools_vendor:/opt/ros/jazzy/opt/gz_msgs_vendor:/opt/ros/jazzy/opt/gz_common_vendor:/opt/ros/jazzy/opt/gz_math_vendor:/opt/ros/jazzy/opt/gz_utils_vendor:/opt/ros/jazzy/opt/gz_tools_vendor:/opt/ros/jazzy/opt/gz_ogre_next_vendor:/opt/ros/jazzy/opt/gz_dartsim_vendor:/opt/ros/jazzy/opt/gz_cmake_vendor:/home/kunal-jazzy/ROS2-Camera-Visualization/install/four_control:/opt/ros/jazzy DEBUGINFOD_URLS=https://debuginfod.ubuntu.com /usr/bin/cmake /home/kunal-jazzy/ros2_arm/src/ros2_arm -DCMAKE_INSTALL_PREFIX=/home/kunal-jazzy/ros2_arm/install/ros2_arm
[0.071s] -- The C compiler identification is GNU 13.3.0
[0.136s] -- The CXX compiler identification is GNU 13.3.0
[0.149s] -- Detecting C compiler ABI info
[0.245s] -- Detecting C compiler ABI info - done
[0.252s] -- Check for working C compiler: /usr/bin/cc - skipped
[0.252s] -- Detecting C compile features
[0.253s] -- Detecting C compile features - done
[0.265s] -- Detecting CXX compiler ABI info
[0.377s] -- Detecting CXX compiler ABI info - done
[0.389s] -- Check for working CXX compiler: /usr/bin/c++ - skipped
[0.389s] -- Detecting CXX compile features
[0.390s] -- Detecting CXX compile features - done
[0.393s] -- Found ament_cmake: 2.5.5 (/opt/ros/jazzy/share/ament_cmake/cmake)
[0.518s] -- Found Python3: /usr/bin/python3 (found version "3.12.3") found components: Interpreter 
[0.611s] -- Found ament_lint_auto: 0.17.4 (/opt/ros/jazzy/share/ament_lint_auto/cmake)
[0.697s] -- Added test 'lint_cmake' to check CMake code style
[0.698s] -- Added test 'xmllint' to check XML markup files
[0.699s] -- Configuring done (0.7s)
[0.700s] -- Generating done (0.0s)
[0.701s] -- Build files have been written to: /home/kunal-jazzy/ros2_arm/build/ros2_arm
[0.705s] Invoked command in '/home/kunal-jazzy/ros2_arm/build/ros2_arm' returned '0': AMENT_PREFIX_PATH=/home/kunal-jazzy/ros2_arm/install/arm_description:${AMENT_PREFIX_PATH} CMAKE_PREFIX_PATH=/home/kunal-jazzy/ros2_arm/install/arm_description:/home/kunal-jazzy/ros2_arm/src/ros2_arm/install/ros2_arm:/home/kunal-jazzy/ROS2-Camera-Visualization/install/four_worlds:/home/kunal-jazzy/ROS2-Camera-Visualization/install/four_control_bringup:/home/kunal-jazzy/ROS2-Camera-Visualization/install/four_wheel_description:/opt/ros/jazzy/opt/gz_sim_vendor:/opt/ros/jazzy/opt/gz_sensors_vendor:/opt/ros/jazzy/opt/gz_physics_vendor:/opt/ros/jazzy/opt/sdformat_vendor:/opt/ros/jazzy/opt/gz_gui_vendor:/opt/ros/jazzy/opt/gz_transport_vendor:/opt/ros/jazzy/opt/gz_rendering_vendor:/opt/ros/jazzy/opt/gz_plugin_vendor:/opt/ros/jazzy/opt/gz_fuel_tools_vendor:/opt/ros/jazzy/opt/gz_msgs_vendor:/opt/ros/jazzy/opt/gz_common_vendor:/opt/ros/jazzy/opt/gz_math_vendor:/opt/ros/jazzy/opt/gz_utils_vendor:/opt/ros/jazzy/opt/gz_tools_vendor:/opt/ros/jazzy/opt/gz_ogre_next_vendor:/opt/ros/jazzy/opt/gz_dartsim_vendor:/opt/ros/jazzy/opt/gz_cmake_vendor:/home/kunal-jazzy/ROS2-Camera-Visualization/install/four_control:/opt/ros/jazzy DEBUGINFOD_URLS=https://debuginfod.ubuntu.com /usr/bin/cmake /home/kunal-jazzy/ros2_arm/src/ros2_arm -DCMAKE_INSTALL_PREFIX=/home/kunal-jazzy/ros2_arm/install/ros2_arm
[0.706s] Invoking command in '/home/kunal-jazzy/ros2_arm/build/ros2_arm': AMENT_PREFIX_PATH=/home/kunal-jazzy/ros2_arm/install/arm_description:${AMENT_PREFIX_PATH} CMAKE_PREFIX_PATH=/home/kunal-jazzy/ros2_arm/install/arm_description:/home/kunal-jazzy/ros2_arm/src/ros2_arm/install/ros2_arm:/home/kunal-jazzy/ROS2-Camera-Visualization/install/four_worlds:/home/kunal-jazzy/ROS2-Camera-Visualization/install/four_control_bringup:/home/kunal-jazzy/ROS2-Camera-Visualization/install/four_wheel_description:/opt/ros/jazzy/opt/gz_sim_vendor:/opt/ros/jazzy/opt/gz_sensors_vendor:/opt/ros/jazzy/opt/gz_physics_vendor:/opt/ros/jazzy/opt/sdformat_vendor:/opt/ros/jazzy/opt/gz_gui_vendor:/opt/ros/jazzy/opt/gz_transport_vendor:/opt/ros/jazzy/opt/gz_rendering_vendor:/opt/ros/jazzy/opt/gz_plugin_vendor:/opt/ros/jazzy/opt/gz_fuel_tools_vendor:/opt/ros/jazzy/opt/gz_msgs_vendor:/opt/ros/jazzy/opt/gz_common_vendor:/opt/ros/jazzy/opt/gz_math_vendor:/opt/ros/jazzy/opt/gz_utils_vendor:/opt/ros/jazzy/opt/gz_tools_vendor:/opt/ros/jazzy/opt/gz_ogre_next_vendor:/opt/ros/jazzy/opt/gz_dartsim_vendor:/opt/ros/jazzy/opt/gz_cmake_vendor:/home/kunal-jazzy/ROS2-Camera-Visualization/install/four_control:/opt/ros/jazzy DEBUGINFOD_URLS=https://debuginfod.ubuntu.com /usr/bin/cmake --build /home/kunal-jazzy/ros2_arm/build/ros2_arm -- -j12 -l12
[0.738s] Invoked command in '/home/kunal-jazzy/ros2_arm/build/ros2_arm' returned '0': AMENT_PREFIX_PATH=/home/kunal-jazzy/ros2_arm/install/arm_description:${AMENT_PREFIX_PATH} CMAKE_PREFIX_PATH=/home/kunal-jazzy/ros2_arm/install/arm_description:/home/kunal-jazzy/ros2_arm/src/ros2_arm/install/ros2_arm:/home/kunal-jazzy/ROS2-Camera-Visualization/install/four_worlds:/home/kunal-jazzy/ROS2-Camera-Visualization/install/four_control_bringup:/home/kunal-jazzy/ROS2-Camera-Visualization/install/four_wheel_description:/opt/ros/jazzy/opt/gz_sim_vendor:/opt/ros/jazzy/opt/gz_sensors_vendor:/opt/ros/jazzy/opt/gz_physics_vendor:/opt/ros/jazzy/opt/sdformat_vendor:/opt/ros/jazzy/opt/gz_gui_vendor:/opt/ros/jazzy/opt/gz_transport_vendor:/opt/ros/jazzy/opt/gz_rendering_vendor:/opt/ros/jazzy/opt/gz_plugin_vendor:/opt/ros/jazzy/opt/gz_fuel_tools_vendor:/opt/ros/jazzy/opt/gz_msgs_vendor:/opt/ros/jazzy/opt/gz_common_vendor:/opt/ros/jazzy/opt/gz_math_vendor:/opt/ros/jazzy/opt/gz_utils_vendor:/opt/ros/jazzy/opt/gz_tools_vendor:/opt/ros/jazzy/opt/gz_ogre_next_vendor:/opt/ros/jazzy/opt/gz_dartsim_vendor:/opt/ros/jazzy/opt/gz_cmake_vendor:/home/kunal-jazzy/ROS2-Camera-Visualization/install/four_control:/opt/ros/jazzy DEBUGINFOD_URLS=https://debuginfod.ubuntu.com /usr/bin/cmake --build /home/kunal-jazzy/ros2_arm/build/ros2_arm -- -j12 -l12
[0.739s] Invoking command in '/home/kunal-jazzy/ros2_arm/build/ros2_arm': AMENT_PREFIX_PATH=/home/kunal-jazzy/ros2_arm/install/arm_description:${AMENT_PREFIX_PATH} CMAKE_PREFIX_PATH=/home/kunal-jazzy/ros2_arm/install/arm_description:/home/kunal-jazzy/ros2_arm/src/ros2_arm/install/ros2_arm:/home/kunal-jazzy/ROS2-Camera-Visualization/install/four_worlds:/home/kunal-jazzy/ROS2-Camera-Visualization/install/four_control_bringup:/home/kunal-jazzy/ROS2-Camera-Visualization/install/four_wheel_description:/opt/ros/jazzy/opt/gz_sim_vendor:/opt/ros/jazzy/opt/gz_sensors_vendor:/opt/ros/jazzy/opt/gz_physics_vendor:/opt/ros/jazzy/opt/sdformat_vendor:/opt/ros/jazzy/opt/gz_gui_vendor:/opt/ros/jazzy/opt/gz_transport_vendor:/opt/ros/jazzy/opt/gz_rendering_vendor:/opt/ros/jazzy/opt/gz_plugin_vendor:/opt/ros/jazzy/opt/gz_fuel_tools_vendor:/opt/ros/jazzy/opt/gz_msgs_vendor:/opt/ros/jazzy/opt/gz_common_vendor:/opt/ros/jazzy/opt/gz_math_vendor:/opt/ros/jazzy/opt/gz_utils_vendor:/opt/ros/jazzy/opt/gz_tools_vendor:/opt/ros/jazzy/opt/gz_ogre_next_vendor:/opt/ros/jazzy/opt/gz_dartsim_vendor:/opt/ros/jazzy/opt/gz_cmake_vendor:/home/kunal-jazzy/ROS2-Camera-Visualization/install/four_control:/opt/ros/jazzy DEBUGINFOD_URLS=https://debuginfod.ubuntu.com /usr/bin/cmake --install /home/kunal-jazzy/ros2_arm/build/ros2_arm
[0.750s] -- Install configuration: ""
[0.750s] -- Installing: /home/kunal-jazzy/ros2_arm/install/ros2_arm/share/ament_index/resource_index/package_run_dependencies/ros2_arm
[0.750s] -- Installing: /home/kunal-jazzy/ros2_arm/install/ros2_arm/share/ament_index/resource_index/parent_prefix_path/ros2_arm
[0.750s] -- Installing: /home/kunal-jazzy/ros2_arm/install/ros2_arm/share/ros2_arm/environment/ament_prefix_path.sh
[0.750s] -- Installing: /home/kunal-jazzy/ros2_arm/install/ros2_arm/share/ros2_arm/environment/ament_prefix_path.dsv
[0.751s] -- Installing: /home/kunal-jazzy/ros2_arm/install/ros2_arm/share/ros2_arm/environment/path.sh
[0.751s] -- Installing: /home/kunal-jazzy/ros2_arm/install/ros2_arm/share/ros2_arm/environment/path.dsv
[0.751s] -- Installing: /home/kunal-jazzy/ros2_arm/install/ros2_arm/share/ros2_arm/local_setup.bash
[0.751s] -- Installing: /home/kunal-jazzy/ros2_arm/install/ros2_arm/share/ros2_arm/local_setup.sh
[0.751s] -- Installing: /home/kunal-jazzy/ros2_arm/install/ros2_arm/share/ros2_arm/local_setup.zsh
[0.751s] -- Installing: /home/kunal-jazzy/ros2_arm/install/ros2_arm/share/ros2_arm/local_setup.dsv
[0.751s] -- Installing: /home/kunal-jazzy/ros2_arm/install/ros2_arm/share/ros2_arm/package.dsv
[0.751s] -- Installing: /home/kunal-jazzy/ros2_arm/install/ros2_arm/share/ament_index/resource_index/packages/ros2_arm
[0.751s] -- Installing: /home/kunal-jazzy/ros2_arm/install/ros2_arm/share/ros2_arm/cmake/ros2_armConfig.cmake
[0.751s] -- Installing: /home/kunal-jazzy/ros2_arm/install/ros2_arm/share/ros2_arm/cmake/ros2_armConfig-version.cmake
[0.751s] -- Installing: /home/kunal-jazzy/ros2_arm/install/ros2_arm/share/ros2_arm/package.xml
[0.753s] Invoked command in '/home/kunal-jazzy/ros2_arm/build/ros2_arm' returned '0': AMENT_PREFIX_PATH=/home/kunal-jazzy/ros2_arm/install/arm_description:${AMENT_PREFIX_PATH} CMAKE_PREFIX_PATH=/home/kunal-jazzy/ros2_arm/install/arm_description:/home/kunal-jazzy/ros2_arm/src/ros2_arm/install/ros2_arm:/home/kunal-jazzy/ROS2-Camera-Visualization/install/four_worlds:/home/kunal-jazzy/ROS2-Camera-Visualization/install/four_control_bringup:/home/kunal-jazzy/ROS2-Camera-Visualization/install/four_wheel_description:/opt/ros/jazzy/opt/gz_sim_vendor:/opt/ros/jazzy/opt/gz_sensors_vendor:/opt/ros/jazzy/opt/gz_physics_vendor:/opt/ros/jazzy/opt/sdformat_vendor:/opt/ros/jazzy/opt/gz_gui_vendor:/opt/ros/jazzy/opt/gz_transport_vendor:/opt/ros/jazzy/opt/gz_rendering_vendor:/opt/ros/jazzy/opt/gz_plugin_vendor:/opt/ros/jazzy/opt/gz_fuel_tools_vendor:/opt/ros/jazzy/opt/gz_msgs_vendor:/opt/ros/jazzy/opt/gz_common_vendor:/opt/ros/jazzy/opt/gz_math_vendor:/opt/ros/jazzy/opt/gz_utils_vendor:/opt/ros/jazzy/opt/gz_tools_vendor:/opt/ros/jazzy/opt/gz_ogre_next_vendor:/opt/ros/jazzy/opt/gz_dartsim_vendor:/opt/ros/jazzy/opt/gz_cmake_vendor:/home/kunal-jazzy/ROS2-Camera-Visualization/install/four_control:/opt/ros/jazzy DEBUGINFOD_URLS=https://debuginfod.ubuntu.com /usr/bin/cmake --install /home/kunal-jazzy/ros2_arm/build/ros2_arm
