[0.008s] Invoking command in '/home/kunal-jazzy/ros2_arm/build/arm_description': CMAKE_PREFIX_PATH=${CMAKE_PREFIX_PATH}:/home/kunal-jazzy/ROS2-Camera-Visualization/install/four_control:/opt/ros/jazzy DEBUGINFOD_URLS=https://debuginfod.ubuntu.com /usr/bin/cmake --build /home/kunal-jazzy/ros2_arm/build/arm_description -- -j12 -l12
[0.027s] -- Found ament_cmake: 2.5.5 (/opt/ros/jazzy/share/ament_cmake/cmake)
[0.214s] -- Found urdf_tutorial: 1.1.0 (/opt/ros/jazzy/share/urdf_tutorial/cmake)
[0.214s] -- Found ament_lint_auto: 0.17.4 (/opt/ros/jazzy/share/ament_lint_auto/cmake)
[0.284s] -- Added test 'lint_cmake' to check CMake code style
[0.285s] -- Added test 'xmllint' to check XML markup files
[0.286s] -- Configuring done (0.3s)
[0.287s] -- Generating done (0.0s)
[0.288s] -- Build files have been written to: /home/kunal-jazzy/ros2_arm/build/arm_description
[0.311s] Invoked command in '/home/kunal-jazzy/ros2_arm/build/arm_description' returned '0': CMAKE_PREFIX_PATH=${CMAKE_PREFIX_PATH}:/home/kunal-jazzy/ROS2-Camera-Visualization/install/four_control:/opt/ros/jazzy DEBUGINFOD_URLS=https://debuginfod.ubuntu.com /usr/bin/cmake --build /home/kunal-jazzy/ros2_arm/build/arm_description -- -j12 -l12
[0.323s] Invoking command in '/home/kunal-jazzy/ros2_arm/build/arm_description': CMAKE_PREFIX_PATH=${CMAKE_PREFIX_PATH}:/home/kunal-jazzy/ROS2-Camera-Visualization/install/four_control:/opt/ros/jazzy DEBUGINFOD_URLS=https://debuginfod.ubuntu.com /usr/bin/cmake --install /home/kunal-jazzy/ros2_arm/build/arm_description
[0.332s] -- Install configuration: ""
[0.332s] -- Installing: /home/kunal-jazzy/ros2_arm/install/arm_description/share/arm_description/launch
[0.333s] -- Installing: /home/kunal-jazzy/ros2_arm/install/arm_description/share/arm_description/meshes
[0.333s] -- Installing: /home/kunal-jazzy/ros2_arm/install/arm_description/share/arm_description/meshes/mycobot_280
[0.333s] -- Installing: /home/kunal-jazzy/ros2_arm/install/arm_description/share/arm_description/meshes/mycobot_280/visual
[0.333s] -- Installing: /home/kunal-jazzy/ros2_arm/install/arm_description/share/arm_description/meshes/mycobot_280/visual/link1.dae
[0.336s] -- Installing: /home/kunal-jazzy/ros2_arm/install/arm_description/share/arm_description/meshes/mycobot_280/visual/link2.dae
[0.337s] -- Installing: /home/kunal-jazzy/ros2_arm/install/arm_description/share/arm_description/meshes/mycobot_280/visual/link4.png
[0.337s] -- Installing: /home/kunal-jazzy/ros2_arm/install/arm_description/share/arm_description/meshes/mycobot_280/visual/link5.dae
[0.338s] -- Installing: /home/kunal-jazzy/ros2_arm/install/arm_description/share/arm_description/meshes/mycobot_280/visual/link5.png
[0.338s] -- Installing: /home/kunal-jazzy/ros2_arm/install/arm_description/share/arm_description/meshes/mycobot_280/visual/link2.png
[0.338s] -- Installing: /home/kunal-jazzy/ros2_arm/install/arm_description/share/arm_description/meshes/mycobot_280/visual/link6.png
[0.338s] -- Installing: /home/kunal-jazzy/ros2_arm/install/arm_description/share/arm_description/meshes/mycobot_280/visual/suit_env.dae
[0.342s] -- Installing: /home/kunal-jazzy/ros2_arm/install/arm_description/share/arm_description/meshes/mycobot_280/visual/link4.dae
[0.343s] -- Installing: /home/kunal-jazzy/ros2_arm/install/arm_description/share/arm_description/meshes/mycobot_280/visual/link6.dae
[0.343s] -- Installing: /home/kunal-jazzy/ros2_arm/install/arm_description/share/arm_description/meshes/mycobot_280/visual/link7.dae
[0.344s] -- Installing: /home/kunal-jazzy/ros2_arm/install/arm_description/share/arm_description/meshes/mycobot_280/visual/link3.dae
[0.345s] -- Installing: /home/kunal-jazzy/ros2_arm/install/arm_description/share/arm_description/meshes/mycobot_280/visual/link1.png
[0.345s] -- Installing: /home/kunal-jazzy/ros2_arm/install/arm_description/share/arm_description/meshes/mycobot_280/visual/link3.png
[0.346s] -- Installing: /home/kunal-jazzy/ros2_arm/install/arm_description/share/arm_description/meshes/mycobot_280/visual/link7.png
[0.346s] -- Installing: /home/kunal-jazzy/ros2_arm/install/arm_description/share/arm_description/meshes/arm
[0.346s] -- Installing: /home/kunal-jazzy/ros2_arm/install/arm_description/share/arm_description/meshes/arm/visual
[0.346s] -- Installing: /home/kunal-jazzy/ros2_arm/install/arm_description/share/arm_description/meshes/d435
[0.346s] -- Installing: /home/kunal-jazzy/ros2_arm/install/arm_description/share/arm_description/meshes/d435/visual
[0.346s] -- Installing: /home/kunal-jazzy/ros2_arm/install/arm_description/share/arm_description/meshes/d435/visual/d435.stl
[0.350s] -- Installing: /home/kunal-jazzy/ros2_arm/install/arm_description/share/arm_description/meshes/adaptive_gripper
[0.350s] -- Installing: /home/kunal-jazzy/ros2_arm/install/arm_description/share/arm_description/meshes/adaptive_gripper/visual
[0.350s] -- Installing: /home/kunal-jazzy/ros2_arm/install/arm_description/share/arm_description/meshes/adaptive_gripper/visual/gripper_base.dae
[0.351s] -- Installing: /home/kunal-jazzy/ros2_arm/install/arm_description/share/arm_description/meshes/adaptive_gripper/visual/gripper_left1.dae
[0.352s] -- Installing: /home/kunal-jazzy/ros2_arm/install/arm_description/share/arm_description/meshes/adaptive_gripper/visual/gripper_left2.dae
[0.352s] -- Installing: /home/kunal-jazzy/ros2_arm/install/arm_description/share/arm_description/meshes/adaptive_gripper/visual/gripper_left3.dae
[0.352s] -- Installing: /home/kunal-jazzy/ros2_arm/install/arm_description/share/arm_description/meshes/adaptive_gripper/visual/gripper_right3.dae
[0.352s] -- Installing: /home/kunal-jazzy/ros2_arm/install/arm_description/share/arm_description/meshes/adaptive_gripper/visual/gripper_right2.dae
[0.352s] -- Installing: /home/kunal-jazzy/ros2_arm/install/arm_description/share/arm_description/meshes/adaptive_gripper/visual/gripper_right1.dae
[0.352s] -- Installing: /home/kunal-jazzy/ros2_arm/install/arm_description/share/arm_description/meshes/g_shape_base_v2_0
[0.352s] -- Installing: /home/kunal-jazzy/ros2_arm/install/arm_description/share/arm_description/meshes/g_shape_base_v2_0/visual
[0.353s] -- Installing: /home/kunal-jazzy/ros2_arm/install/arm_description/share/arm_description/meshes/g_shape_base_v2_0/visual/base_link.dae
[0.355s] -- Installing: /home/kunal-jazzy/ros2_arm/install/arm_description/share/arm_description/urdf
[0.355s] -- Installing: /home/kunal-jazzy/ros2_arm/install/arm_description/share/arm_description/urdf/control
[0.355s] -- Installing: /home/kunal-jazzy/ros2_arm/install/arm_description/share/arm_description/urdf/robots
[0.355s] -- Installing: /home/kunal-jazzy/ros2_arm/install/arm_description/share/arm_description/urdf/sensors
[0.355s] -- Installing: /home/kunal-jazzy/ros2_arm/install/arm_description/share/arm_description/urdf/mech
[0.355s] -- Installing: /home/kunal-jazzy/ros2_arm/install/arm_description/share/arm_description/rviz
[0.355s] -- Installing: /home/kunal-jazzy/ros2_arm/install/arm_description/share/ament_index/resource_index/package_run_dependencies/arm_description
[0.355s] -- Installing: /home/kunal-jazzy/ros2_arm/install/arm_description/share/ament_index/resource_index/parent_prefix_path/arm_description
[0.355s] -- Up-to-date: /home/kunal-jazzy/ros2_arm/install/arm_description/share/arm_description/environment/ament_prefix_path.sh
[0.356s] -- Up-to-date: /home/kunal-jazzy/ros2_arm/install/arm_description/share/arm_description/environment/ament_prefix_path.dsv
[0.356s] -- Up-to-date: /home/kunal-jazzy/ros2_arm/install/arm_description/share/arm_description/environment/path.sh
[0.356s] -- Up-to-date: /home/kunal-jazzy/ros2_arm/install/arm_description/share/arm_description/environment/path.dsv
[0.356s] -- Up-to-date: /home/kunal-jazzy/ros2_arm/install/arm_description/share/arm_description/local_setup.bash
[0.356s] -- Up-to-date: /home/kunal-jazzy/ros2_arm/install/arm_description/share/arm_description/local_setup.sh
[0.356s] -- Up-to-date: /home/kunal-jazzy/ros2_arm/install/arm_description/share/arm_description/local_setup.zsh
[0.356s] -- Up-to-date: /home/kunal-jazzy/ros2_arm/install/arm_description/share/arm_description/local_setup.dsv
[0.356s] -- Up-to-date: /home/kunal-jazzy/ros2_arm/install/arm_description/share/arm_description/package.dsv
[0.356s] -- Up-to-date: /home/kunal-jazzy/ros2_arm/install/arm_description/share/ament_index/resource_index/packages/arm_description
[0.356s] -- Up-to-date: /home/kunal-jazzy/ros2_arm/install/arm_description/share/arm_description/cmake/arm_descriptionConfig.cmake
[0.356s] -- Up-to-date: /home/kunal-jazzy/ros2_arm/install/arm_description/share/arm_description/cmake/arm_descriptionConfig-version.cmake
[0.356s] -- Installing: /home/kunal-jazzy/ros2_arm/install/arm_description/share/arm_description/package.xml
[0.357s] Invoked command in '/home/kunal-jazzy/ros2_arm/build/arm_description' returned '0': CMAKE_PREFIX_PATH=${CMAKE_PREFIX_PATH}:/home/kunal-jazzy/ROS2-Camera-Visualization/install/four_control:/opt/ros/jazzy DEBUGINFOD_URLS=https://debuginfod.ubuntu.com /usr/bin/cmake --install /home/kunal-jazzy/ros2_arm/build/arm_description
